[0.069s] DEBUG:colcon:Command line arguments: ['/usr/bin/colcon', 'build', '--packages-select', 'warehouse_robot_interfaces']
[0.069s] DEBUG:colcon:Parsed command line arguments: Namespace(log_base=None, log_level=None, verb_name='build', build_base='build', install_base='install', merge_install=False, symlink_install=False, test_result_base=None, continue_on_error=False, executor='parallel', parallel_workers=8, event_handlers=None, ignore_user_meta=False, metas=['./colcon.meta'], base_paths=['.'], packages_ignore=None, packages_ignore_regex=None, paths=None, packages_up_to=None, packages_up_to_regex=None, packages_above=None, packages_above_and_dependencies=None, packages_above_depth=None, packages_select_by_dep=None, packages_skip_by_dep=None, packages_skip_up_to=None, packages_select_build_failed=False, packages_skip_build_finished=False, packages_select_test_failures=False, packages_skip_test_passed=False, packages_select=['warehouse_robot_interfaces'], packages_skip=None, packages_select_regex=None, packages_skip_regex=None, packages_start=None, packages_end=None, allow_overriding=[], cmake_args=None, cmake_target=None, cmake_target_skip_unavailable=False, cmake_clean_cache=False, cmake_clean_first=False, cmake_force_configure=False, ament_cmake_args=None, catkin_cmake_args=None, catkin_skip_building_tests=False, verb_parser=<colcon_defaults.argument_parser.defaults.DefaultArgumentsDecorator object at 0x76694c844070>, verb_extension=<colcon_core.verb.build.BuildVerb object at 0x76694c803a30>, main=<bound method BuildVerb.main of <colcon_core.verb.build.BuildVerb object at 0x76694c803a30>>)
[0.169s] Level 1:colcon.colcon_core.package_discovery:discover_packages(colcon_meta) check parameters
[0.169s] Level 1:colcon.colcon_core.package_discovery:discover_packages(recursive) check parameters
[0.169s] Level 1:colcon.colcon_core.package_discovery:discover_packages(ignore) check parameters
[0.169s] Level 1:colcon.colcon_core.package_discovery:discover_packages(path) check parameters
[0.169s] Level 1:colcon.colcon_core.package_discovery:discover_packages(colcon_meta) discover
[0.169s] Level 1:colcon.colcon_core.package_discovery:discover_packages(recursive) discover
[0.169s] INFO:colcon.colcon_core.package_discovery:Crawling recursively for packages in '/home/rony/Documents/inmind/Session06/Rony-ROS2-Warehouse/src'
[0.169s] Level 1:colcon.colcon_core.package_identification:_identify(.) by extensions ['ignore', 'ignore_ament_install']
[0.169s] Level 1:colcon.colcon_core.package_identification:_identify(.) by extension 'ignore'
[0.169s] Level 1:colcon.colcon_core.package_identification:_identify(.) by extension 'ignore_ament_install'
[0.169s] Level 1:colcon.colcon_core.package_identification:_identify(.) by extensions ['colcon_pkg']
[0.169s] Level 1:colcon.colcon_core.package_identification:_identify(.) by extension 'colcon_pkg'
[0.169s] Level 1:colcon.colcon_core.package_identification:_identify(.) by extensions ['colcon_meta']
[0.169s] Level 1:colcon.colcon_core.package_identification:_identify(.) by extension 'colcon_meta'
[0.169s] Level 1:colcon.colcon_core.package_identification:_identify(.) by extensions ['ros']
[0.169s] Level 1:colcon.colcon_core.package_identification:_identify(.) by extension 'ros'
[0.177s] Level 1:colcon.colcon_core.package_identification:_identify(.) by extensions ['cmake', 'python']
[0.177s] Level 1:colcon.colcon_core.package_identification:_identify(.) by extension 'cmake'
[0.177s] Level 1:colcon.colcon_core.package_identification:_identify(.) by extension 'python'
[0.177s] Level 1:colcon.colcon_core.package_identification:_identify(.) by extensions ['python_setup_py']
[0.177s] Level 1:colcon.colcon_core.package_identification:_identify(.) by extension 'python_setup_py'
[0.177s] Level 1:colcon.colcon_core.package_identification:_identify(build) by extensions ['ignore', 'ignore_ament_install']
[0.178s] Level 1:colcon.colcon_core.package_identification:_identify(build) by extension 'ignore'
[0.178s] Level 1:colcon.colcon_core.package_identification:_identify(build) ignored
[0.178s] Level 1:colcon.colcon_core.package_identification:_identify(install) by extensions ['ignore', 'ignore_ament_install']
[0.178s] Level 1:colcon.colcon_core.package_identification:_identify(install) by extension 'ignore'
[0.178s] Level 1:colcon.colcon_core.package_identification:_identify(install) ignored
[0.178s] Level 1:colcon.colcon_core.package_identification:_identify(log) by extensions ['ignore', 'ignore_ament_install']
[0.178s] Level 1:colcon.colcon_core.package_identification:_identify(log) by extension 'ignore'
[0.178s] Level 1:colcon.colcon_core.package_identification:_identify(log) ignored
[0.178s] Level 1:colcon.colcon_core.package_identification:_identify(warehouse_robot) by extensions ['ignore', 'ignore_ament_install']
[0.178s] Level 1:colcon.colcon_core.package_identification:_identify(warehouse_robot) by extension 'ignore'
[0.178s] Level 1:colcon.colcon_core.package_identification:_identify(warehouse_robot) by extension 'ignore_ament_install'
[0.178s] Level 1:colcon.colcon_core.package_identification:_identify(warehouse_robot) by extensions ['colcon_pkg']
[0.178s] Level 1:colcon.colcon_core.package_identification:_identify(warehouse_robot) by extension 'colcon_pkg'
[0.178s] Level 1:colcon.colcon_core.package_identification:_identify(warehouse_robot) by extensions ['colcon_meta']
[0.178s] Level 1:colcon.colcon_core.package_identification:_identify(warehouse_robot) by extension 'colcon_meta'
[0.178s] Level 1:colcon.colcon_core.package_identification:_identify(warehouse_robot) by extensions ['ros']
[0.178s] Level 1:colcon.colcon_core.package_identification:_identify(warehouse_robot) by extension 'ros'
[0.180s] DEBUG:colcon.colcon_core.package_identification:Package 'warehouse_robot' with type 'ros.ament_python' and name 'warehouse_robot'
[0.180s] Level 1:colcon.colcon_core.package_identification:_identify(warehouse_robot_interfaces) by extensions ['ignore', 'ignore_ament_install']
[0.180s] Level 1:colcon.colcon_core.package_identification:_identify(warehouse_robot_interfaces) by extension 'ignore'
[0.180s] Level 1:colcon.colcon_core.package_identification:_identify(warehouse_robot_interfaces) by extension 'ignore_ament_install'
[0.180s] Level 1:colcon.colcon_core.package_identification:_identify(warehouse_robot_interfaces) by extensions ['colcon_pkg']
[0.180s] Level 1:colcon.colcon_core.package_identification:_identify(warehouse_robot_interfaces) by extension 'colcon_pkg'
[0.180s] Level 1:colcon.colcon_core.package_identification:_identify(warehouse_robot_interfaces) by extensions ['colcon_meta']
[0.180s] Level 1:colcon.colcon_core.package_identification:_identify(warehouse_robot_interfaces) by extension 'colcon_meta'
[0.180s] Level 1:colcon.colcon_core.package_identification:_identify(warehouse_robot_interfaces) by extensions ['ros']
[0.180s] Level 1:colcon.colcon_core.package_identification:_identify(warehouse_robot_interfaces) by extension 'ros'
[0.181s] DEBUG:colcon.colcon_core.package_identification:Package 'warehouse_robot_interfaces' with type 'ros.ament_cmake' and name 'warehouse_robot_interfaces'
[0.181s] Level 1:colcon.colcon_core.package_discovery:discover_packages(recursive) using defaults
[0.181s] Level 1:colcon.colcon_core.package_discovery:discover_packages(ignore) discover
[0.181s] Level 1:colcon.colcon_core.package_discovery:discover_packages(ignore) using defaults
[0.181s] Level 1:colcon.colcon_core.package_discovery:discover_packages(path) discover
[0.181s] Level 1:colcon.colcon_core.package_discovery:discover_packages(path) using defaults
[0.206s] INFO:colcon.colcon_core.package_selection:Skipping not selected package 'warehouse_robot' in 'warehouse_robot'
[0.207s] Level 1:colcon.colcon_core.package_discovery:discover_packages(prefix_path) check parameters
[0.207s] Level 1:colcon.colcon_core.package_discovery:discover_packages(prefix_path) discover
[0.209s] DEBUG:colcon.colcon_installed_package_information.package_discovery:Found 1 installed packages in /home/rony/Documents/inmind/Session06/Rony-ROS2-Warehouse/src/install
[0.210s] DEBUG:colcon.colcon_installed_package_information.package_discovery:Found 270 installed packages in /opt/ros/humble
[0.211s] Level 1:colcon.colcon_core.package_discovery:discover_packages(prefix_path) using defaults
[0.244s] Level 5:colcon.colcon_core.verb:set package 'warehouse_robot_interfaces' build argument 'cmake_args' from command line to 'None'
[0.244s] Level 5:colcon.colcon_core.verb:set package 'warehouse_robot_interfaces' build argument 'cmake_target' from command line to 'None'
[0.244s] Level 5:colcon.colcon_core.verb:set package 'warehouse_robot_interfaces' build argument 'cmake_target_skip_unavailable' from command line to 'False'
[0.244s] Level 5:colcon.colcon_core.verb:set package 'warehouse_robot_interfaces' build argument 'cmake_clean_cache' from command line to 'False'
[0.244s] Level 5:colcon.colcon_core.verb:set package 'warehouse_robot_interfaces' build argument 'cmake_clean_first' from command line to 'False'
[0.244s] Level 5:colcon.colcon_core.verb:set package 'warehouse_robot_interfaces' build argument 'cmake_force_configure' from command line to 'False'
[0.244s] Level 5:colcon.colcon_core.verb:set package 'warehouse_robot_interfaces' build argument 'ament_cmake_args' from command line to 'None'
[0.244s] Level 5:colcon.colcon_core.verb:set package 'warehouse_robot_interfaces' build argument 'catkin_cmake_args' from command line to 'None'
[0.244s] Level 5:colcon.colcon_core.verb:set package 'warehouse_robot_interfaces' build argument 'catkin_skip_building_tests' from command line to 'False'
[0.244s] DEBUG:colcon.colcon_core.verb:Building package 'warehouse_robot_interfaces' with the following arguments: {'ament_cmake_args': None, 'build_base': '/home/rony/Documents/inmind/Session06/Rony-ROS2-Warehouse/src/build/warehouse_robot_interfaces', 'catkin_cmake_args': None, 'catkin_skip_building_tests': False, 'cmake_args': None, 'cmake_clean_cache': False, 'cmake_clean_first': False, 'cmake_force_configure': False, 'cmake_target': None, 'cmake_target_skip_unavailable': False, 'install_base': '/home/rony/Documents/inmind/Session06/Rony-ROS2-Warehouse/src/install/warehouse_robot_interfaces', 'merge_install': False, 'path': '/home/rony/Documents/inmind/Session06/Rony-ROS2-Warehouse/src/warehouse_robot_interfaces', 'symlink_install': False, 'test_result_base': None}
[0.244s] INFO:colcon.colcon_core.executor:Executing jobs using 'parallel' executor
[0.245s] DEBUG:colcon.colcon_parallel_executor.executor.parallel:run_until_complete
[0.245s] INFO:colcon.colcon_ros.task.ament_cmake.build:Building ROS package in '/home/rony/Documents/inmind/Session06/Rony-ROS2-Warehouse/src/warehouse_robot_interfaces' with build type 'ament_cmake'
[0.245s] INFO:colcon.colcon_cmake.task.cmake.build:Building CMake package in '/home/rony/Documents/inmind/Session06/Rony-ROS2-Warehouse/src/warehouse_robot_interfaces'
[0.250s] INFO:colcon.colcon_core.plugin_system:Skipping extension 'colcon_core.shell.bat': Not used on non-Windows systems
[0.250s] INFO:colcon.colcon_core.shell:Skip shell extension 'powershell' for command environment: Not usable outside of PowerShell
[0.250s] DEBUG:colcon.colcon_core.shell:Skip shell extension 'dsv' for command environment
[0.256s] DEBUG:colcon.colcon_core.event_handler.log_command:Invoking command in '/home/rony/Documents/inmind/Session06/Rony-ROS2-Warehouse/src/build/warehouse_robot_interfaces': CMAKE_PREFIX_PATH=/opt/ros/humble /usr/bin/cmake /home/rony/Documents/inmind/Session06/Rony-ROS2-Warehouse/src/warehouse_robot_interfaces -DCMAKE_INSTALL_PREFIX=/home/rony/Documents/inmind/Session06/Rony-ROS2-Warehouse/src/install/warehouse_robot_interfaces
[0.782s] DEBUG:colcon.colcon_core.event_handler.log_command:Invoked command in '/home/rony/Documents/inmind/Session06/Rony-ROS2-Warehouse/src/build/warehouse_robot_interfaces' returned '1': CMAKE_PREFIX_PATH=/opt/ros/humble /usr/bin/cmake /home/rony/Documents/inmind/Session06/Rony-ROS2-Warehouse/src/warehouse_robot_interfaces -DCMAKE_INSTALL_PREFIX=/home/rony/Documents/inmind/Session06/Rony-ROS2-Warehouse/src/install/warehouse_robot_interfaces
[0.792s] Level 1:colcon.colcon_core.environment:create_environment_scripts_only(warehouse_robot_interfaces)
[0.798s] Level 1:colcon.colcon_core.environment:checking '/home/rony/Documents/inmind/Session06/Rony-ROS2-Warehouse/src/install/warehouse_robot_interfaces' for CMake module files
[0.799s] Level 1:colcon.colcon_core.environment:checking '/home/rony/Documents/inmind/Session06/Rony-ROS2-Warehouse/src/install/warehouse_robot_interfaces' for CMake config files
[0.799s] Level 1:colcon.colcon_core.environment:checking '/home/rony/Documents/inmind/Session06/Rony-ROS2-Warehouse/src/install/warehouse_robot_interfaces/bin'
[0.799s] Level 1:colcon.colcon_core.environment:checking '/home/rony/Documents/inmind/Session06/Rony-ROS2-Warehouse/src/install/warehouse_robot_interfaces/lib/pkgconfig/warehouse_robot_interfaces.pc'
[0.799s] Level 1:colcon.colcon_core.environment:checking '/home/rony/Documents/inmind/Session06/Rony-ROS2-Warehouse/src/install/warehouse_robot_interfaces/lib/python3.10/site-packages'
[0.799s] Level 1:colcon.colcon_core.environment:checking '/home/rony/Documents/inmind/Session06/Rony-ROS2-Warehouse/src/install/warehouse_robot_interfaces/bin'
[0.800s] INFO:colcon.colcon_core.shell:Creating package script '/home/rony/Documents/inmind/Session06/Rony-ROS2-Warehouse/src/install/warehouse_robot_interfaces/share/warehouse_robot_interfaces/package.ps1'
[0.801s] INFO:colcon.colcon_core.shell:Creating package descriptor '/home/rony/Documents/inmind/Session06/Rony-ROS2-Warehouse/src/install/warehouse_robot_interfaces/share/warehouse_robot_interfaces/package.dsv'
[0.801s] INFO:colcon.colcon_core.shell:Creating package script '/home/rony/Documents/inmind/Session06/Rony-ROS2-Warehouse/src/install/warehouse_robot_interfaces/share/warehouse_robot_interfaces/package.sh'
[0.802s] INFO:colcon.colcon_core.shell:Creating package script '/home/rony/Documents/inmind/Session06/Rony-ROS2-Warehouse/src/install/warehouse_robot_interfaces/share/warehouse_robot_interfaces/package.bash'
[0.803s] INFO:colcon.colcon_core.shell:Creating package script '/home/rony/Documents/inmind/Session06/Rony-ROS2-Warehouse/src/install/warehouse_robot_interfaces/share/warehouse_robot_interfaces/package.zsh'
[0.804s] Level 1:colcon.colcon_core.environment:create_file_with_runtime_dependencies(/home/rony/Documents/inmind/Session06/Rony-ROS2-Warehouse/src/install/warehouse_robot_interfaces/share/colcon-core/packages/warehouse_robot_interfaces)
[0.814s] DEBUG:colcon.colcon_parallel_executor.executor.parallel:closing loop
[0.815s] DEBUG:colcon.colcon_parallel_executor.executor.parallel:loop closed
[0.815s] DEBUG:colcon.colcon_parallel_executor.executor.parallel:run_until_complete finished with '1'
[0.815s] DEBUG:colcon.colcon_core.event_reactor:joining thread
[0.826s] INFO:colcon.colcon_core.plugin_system:Skipping extension 'colcon_notification.desktop_notification.terminal_notifier': Not used on non-Darwin systems
[0.826s] INFO:colcon.colcon_core.plugin_system:Skipping extension 'colcon_notification.desktop_notification.win32': Not used on non-Windows systems
[0.826s] INFO:colcon.colcon_notification.desktop_notification:Sending desktop notification using 'notify2'
[0.853s] DEBUG:colcon.colcon_core.event_reactor:joined thread
[0.853s] INFO:colcon.colcon_core.shell:Creating prefix script '/home/rony/Documents/inmind/Session06/Rony-ROS2-Warehouse/src/install/local_setup.ps1'
[0.854s] INFO:colcon.colcon_core.shell:Creating prefix util module '/home/rony/Documents/inmind/Session06/Rony-ROS2-Warehouse/src/install/_local_setup_util_ps1.py'
[0.855s] INFO:colcon.colcon_core.shell:Creating prefix chain script '/home/rony/Documents/inmind/Session06/Rony-ROS2-Warehouse/src/install/setup.ps1'
[0.856s] INFO:colcon.colcon_core.shell:Creating prefix script '/home/rony/Documents/inmind/Session06/Rony-ROS2-Warehouse/src/install/local_setup.sh'
[0.857s] INFO:colcon.colcon_core.shell:Creating prefix util module '/home/rony/Documents/inmind/Session06/Rony-ROS2-Warehouse/src/install/_local_setup_util_sh.py'
[0.857s] INFO:colcon.colcon_core.shell:Creating prefix chain script '/home/rony/Documents/inmind/Session06/Rony-ROS2-Warehouse/src/install/setup.sh'
[0.858s] INFO:colcon.colcon_core.shell:Creating prefix script '/home/rony/Documents/inmind/Session06/Rony-ROS2-Warehouse/src/install/local_setup.bash'
[0.858s] INFO:colcon.colcon_core.shell:Creating prefix chain script '/home/rony/Documents/inmind/Session06/Rony-ROS2-Warehouse/src/install/setup.bash'
[0.860s] INFO:colcon.colcon_core.shell:Creating prefix script '/home/rony/Documents/inmind/Session06/Rony-ROS2-Warehouse/src/install/local_setup.zsh'
[0.860s] INFO:colcon.colcon_core.shell:Creating prefix chain script '/home/rony/Documents/inmind/Session06/Rony-ROS2-Warehouse/src/install/setup.zsh'
