running egg_info
writing ../build/warehouse_robot/warehouse_robot.egg-info/PKG-INFO
writing dependency_links to ../build/warehouse_robot/warehouse_robot.egg-info/dependency_links.txt
writing entry points to ../build/warehouse_robot/warehouse_robot.egg-info/entry_points.txt
writing requirements to ../build/warehouse_robot/warehouse_robot.egg-info/requires.txt
writing top-level names to ../build/warehouse_robot/warehouse_robot.egg-info/top_level.txt
reading manifest file '../build/warehouse_robot/warehouse_robot.egg-info/SOURCES.txt'
writing manifest file '../build/warehouse_robot/warehouse_robot.egg-info/SOURCES.txt'
running build
running build_py
running install
running install_lib
running install_data
copying launch/warehouse_robot_launch.py -> /home/rony/Documents/inmind/Session06/Rony-ROS2-Warehouse/src/install/warehouse_robot/share/warehouse_robot/launch
running install_egg_info
Copying ../build/warehouse_robot/warehouse_robot.egg-info to /home/rony/Documents/inmind/Session06/Rony-ROS2-Warehouse/src/install/warehouse_robot/lib/python3.10/site-packages/warehouse_robot-0.0.0-py3.10.egg-info
running install_scripts
Installing item_delivery_client script to /home/rony/Documents/inmind/Session06/Rony-ROS2-Warehouse/src/install/warehouse_robot/lib/warehouse_robot
Installing item_delivery_server script to /home/rony/Documents/inmind/Session06/Rony-ROS2-Warehouse/src/install/warehouse_robot/lib/warehouse_robot
Installing stock_checker_client script to /home/rony/Documents/inmind/Session06/Rony-ROS2-Warehouse/src/install/warehouse_robot/lib/warehouse_robot
Installing stock_checker_server script to /home/rony/Documents/inmind/Session06/Rony-ROS2-Warehouse/src/install/warehouse_robot/lib/warehouse_robot
writing list of installed files to '/home/rony/Documents/inmind/Session06/Rony-ROS2-Warehouse/src/build/warehouse_robot/install.log'
