[0.340s] Invoking command in '/home/rony/Documents/inmind/Session06/Rony-ROS2-Warehouse/src/warehouse_robot': PYTHONPATH=/home/rony/Documents/inmind/Session06/Rony-ROS2-Warehouse/src/build/warehouse_robot/prefix_override:/usr/lib/python3/dist-packages/colcon_core/task/python/colcon_distutils_commands:/home/rony/Documents/inmind/Session06/Rony-ROS2-Warehouse/src/install/warehouse_robot/lib/python3.10/site-packages:${PYTHONPATH} /usr/bin/python3 -W ignore:setup.py install is deprecated setup.py egg_info --egg-base ../build/warehouse_robot build --build-base /home/rony/Documents/inmind/Session06/Rony-ROS2-Warehouse/src/build/warehouse_robot/build install --record /home/rony/Documents/inmind/Session06/Rony-ROS2-Warehouse/src/build/warehouse_robot/install.log --single-version-externally-managed install_data
[0.464s] running egg_info
[0.465s] writing ../build/warehouse_robot/warehouse_robot.egg-info/PKG-INFO
[0.465s] writing dependency_links to ../build/warehouse_robot/warehouse_robot.egg-info/dependency_links.txt
[0.465s] writing entry points to ../build/warehouse_robot/warehouse_robot.egg-info/entry_points.txt
[0.465s] writing requirements to ../build/warehouse_robot/warehouse_robot.egg-info/requires.txt
[0.465s] writing top-level names to ../build/warehouse_robot/warehouse_robot.egg-info/top_level.txt
[0.466s] reading manifest file '../build/warehouse_robot/warehouse_robot.egg-info/SOURCES.txt'
[0.467s] writing manifest file '../build/warehouse_robot/warehouse_robot.egg-info/SOURCES.txt'
[0.467s] running build
[0.467s] running build_py
[0.467s] running install
[0.468s] running install_lib
[0.469s] running install_data
[0.469s] copying launch/warehouse_robot_launch.py -> /home/rony/Documents/inmind/Session06/Rony-ROS2-Warehouse/src/install/warehouse_robot/share/warehouse_robot/launch
[0.469s] running install_egg_info
[0.470s] Copying ../build/warehouse_robot/warehouse_robot.egg-info to /home/rony/Documents/inmind/Session06/Rony-ROS2-Warehouse/src/install/warehouse_robot/lib/python3.10/site-packages/warehouse_robot-0.0.0-py3.10.egg-info
[0.471s] running install_scripts
[0.488s] Installing item_delivery_client script to /home/rony/Documents/inmind/Session06/Rony-ROS2-Warehouse/src/install/warehouse_robot/lib/warehouse_robot
[0.488s] Installing item_delivery_server script to /home/rony/Documents/inmind/Session06/Rony-ROS2-Warehouse/src/install/warehouse_robot/lib/warehouse_robot
[0.488s] Installing stock_checker_client script to /home/rony/Documents/inmind/Session06/Rony-ROS2-Warehouse/src/install/warehouse_robot/lib/warehouse_robot
[0.488s] Installing stock_checker_server script to /home/rony/Documents/inmind/Session06/Rony-ROS2-Warehouse/src/install/warehouse_robot/lib/warehouse_robot
[0.489s] writing list of installed files to '/home/rony/Documents/inmind/Session06/Rony-ROS2-Warehouse/src/build/warehouse_robot/install.log'
[0.506s] Invoked command in '/home/rony/Documents/inmind/Session06/Rony-ROS2-Warehouse/src/warehouse_robot' returned '0': PYTHONPATH=/home/rony/Documents/inmind/Session06/Rony-ROS2-Warehouse/src/build/warehouse_robot/prefix_override:/usr/lib/python3/dist-packages/colcon_core/task/python/colcon_distutils_commands:/home/rony/Documents/inmind/Session06/Rony-ROS2-Warehouse/src/install/warehouse_robot/lib/python3.10/site-packages:${PYTHONPATH} /usr/bin/python3 -W ignore:setup.py install is deprecated setup.py egg_info --egg-base ../build/warehouse_robot build --build-base /home/rony/Documents/inmind/Session06/Rony-ROS2-Warehouse/src/build/warehouse_robot/build install --record /home/rony/Documents/inmind/Session06/Rony-ROS2-Warehouse/src/build/warehouse_robot/install.log --single-version-externally-managed install_data
