[0.152s] Invoking command in '/home/rony/Documents/inmind/Session06/Rony-ROS2-Warehouse/src/build/warehouse_robot_interfaces': CMAKE_PREFIX_PATH=/opt/ros/humble /usr/bin/cmake /home/rony/Documents/inmind/Session06/Rony-ROS2-Warehouse/src/warehouse_robot_interfaces -DCMAKE_INSTALL_PREFIX=/home/rony/Documents/inmind/Session06/Rony-ROS2-Warehouse/src/install/warehouse_robot_interfaces
[0.172s] -- Found ament_cmake: 1.3.9 (/opt/ros/humble/share/ament_cmake/cmake)
[0.290s] -- Found rosidl_default_generators: 1.2.0 (/opt/ros/humble/share/rosidl_default_generators/cmake)
[0.291s] -- Using all available rosidl_typesupport_c: rosidl_typesupport_fastrtps_c;rosidl_typesupport_introspection_c
[0.293s] -- Found rosidl_adapter: 3.1.5 (/opt/ros/humble/share/rosidl_adapter/cmake)
[0.318s] -- Using all available rosidl_typesupport_cpp: rosidl_typesupport_fastrtps_cpp;rosidl_typesupport_introspection_cpp
[0.423s] [31mCMake Error at /opt/ros/humble/share/rosidl_adapter/cmake/rosidl_adapt_interfaces.cmake:59 (message):
[0.423s]   execute_process(/usr/local/bin/python3 -m rosidl_adapter --package-name
[0.423s]   warehouse_robot --arguments-file
[0.423s]   /home/rony/Documents/inmind/Session06/Rony-ROS2-Warehouse/src/build/warehouse_robot_interfaces/rosidl_adapter__arguments__warehouse_robot.json
[0.423s]   --output-dir
[0.423s]   /home/rony/Documents/inmind/Session06/Rony-ROS2-Warehouse/src/build/warehouse_robot_interfaces/rosidl_adapter/warehouse_robot
[0.423s]   --output-file
[0.423s]   /home/rony/Documents/inmind/Session06/Rony-ROS2-Warehouse/src/build/warehouse_robot_interfaces/rosidl_adapter/warehouse_robot.idls)
[0.423s]   returned error code 1:
[0.423s] 
[0.423s]   Traceback (most recent call last):
[0.424s] 
[0.424s]     File "<frozen runpy>", line 198, in _run_module_as_main
[0.424s]     File "<frozen runpy>", line 88, in _run_code
[0.424s]     File "/opt/ros/humble/local/lib/python3.10/dist-packages/rosidl_adapter/__main__.py", line 19, in <module>
[0.424s]       sys.exit(main())
[0.424s]                ^^^^^^
[0.424s]     File "/opt/ros/humble/local/lib/python3.10/dist-packages/rosidl_adapter/main.py", line 53, in main
[0.424s]       abs_idl_file = convert_to_idl(
[0.424s]                      ^^^^^^^^^^^^^^^
[0.424s]     File "/opt/ros/humble/local/lib/python3.10/dist-packages/rosidl_adapter/__init__.py", line 28, in convert_to_idl
[0.424s]       from rosidl_adapter.action import convert_action_to_idl
[0.425s]     File "/opt/ros/humble/local/lib/python3.10/dist-packages/rosidl_adapter/action/__init__.py", line 16, in <module>
[0.425s]       from rosidl_adapter.resource import expand_template
[0.425s]     File "/opt/ros/humble/local/lib/python3.10/dist-packages/rosidl_adapter/resource/__init__.py", line 19, in <module>
[0.425s]       import em
[0.425s] 
[0.425s]   ModuleNotFoundError: No module named 'em'
[0.425s] 
[0.425s] Call Stack (most recent call first):
[0.425s]   /opt/ros/humble/share/rosidl_cmake/cmake/rosidl_generate_interfaces.cmake:130 (rosidl_adapt_interfaces)
[0.425s]   CMakeLists.txt:12 (rosidl_generate_interfaces)
[0.425s] 
[0.425s] [0m
[0.425s] -- Configuring incomplete, errors occurred!
[0.425s] See also "/home/rony/Documents/inmind/Session06/Rony-ROS2-Warehouse/src/build/warehouse_robot_interfaces/CMakeFiles/CMakeOutput.log".
[0.428s] Invoked command in '/home/rony/Documents/inmind/Session06/Rony-ROS2-Warehouse/src/build/warehouse_robot_interfaces' returned '1': CMAKE_PREFIX_PATH=/opt/ros/humble /usr/bin/cmake /home/rony/Documents/inmind/Session06/Rony-ROS2-Warehouse/src/warehouse_robot_interfaces -DCMAKE_INSTALL_PREFIX=/home/rony/Documents/inmind/Session06/Rony-ROS2-Warehouse/src/install/warehouse_robot_interfaces
