[0.007s] Invoking command in '/home/rony/Documents/inmind/Session06/Rony-ROS2-Warehouse/src/build/warehouse_robot_interfaces': CMAKE_PREFIX_PATH=/opt/ros/humble /usr/bin/cmake /home/rony/Documents/inmind/Session06/Rony-ROS2-Warehouse/src/warehouse_robot_interfaces -DCMAKE_INSTALL_PREFIX=/home/rony/Documents/inmind/Session06/Rony-ROS2-Warehouse/src/install/warehouse_robot_interfaces
[0.048s] -- The C compiler identification is GNU 11.4.0
[0.089s] -- The CXX compiler identification is GNU 11.4.0
[0.095s] -- Detecting C compiler ABI info
[0.146s] -- Detecting C compiler ABI info - done
[0.151s] -- Check for working C compiler: /usr/bin/cc - skipped
[0.151s] -- Detecting C compile features
[0.151s] -- Detecting C compile features - done
[0.153s] -- Detecting CXX compiler ABI info
[0.212s] -- Detecting CXX compiler ABI info - done
[0.219s] -- Check for working CXX compiler: /usr/bin/c++ - skipped
[0.219s] -- Detecting CXX compile features
[0.219s] -- Detecting CXX compile features - done
[0.221s] -- Found ament_cmake: 1.3.9 (/opt/ros/humble/share/ament_cmake/cmake)
[0.311s] -- Found Python3: /usr/local/bin/python3 (found version "3.12.4") found components: Interpreter 
[0.387s] -- Found rosidl_default_generators: 1.2.0 (/opt/ros/humble/share/rosidl_default_generators/cmake)
[0.389s] -- Using all available rosidl_typesupport_c: rosidl_typesupport_fastrtps_c;rosidl_typesupport_introspection_c
[0.392s] -- Found rosidl_adapter: 3.1.5 (/opt/ros/humble/share/rosidl_adapter/cmake)
[0.419s] -- Using all available rosidl_typesupport_cpp: rosidl_typesupport_fastrtps_cpp;rosidl_typesupport_introspection_cpp
[0.518s] [31mCMake Error at /opt/ros/humble/share/rosidl_adapter/cmake/rosidl_adapt_interfaces.cmake:59 (message):
[0.518s]   execute_process(/usr/local/bin/python3 -m rosidl_adapter --package-name
[0.518s]   warehouse_robot_interfaces --arguments-file
[0.518s]   /home/rony/Documents/inmind/Session06/Rony-ROS2-Warehouse/src/build/warehouse_robot_interfaces/rosidl_adapter__arguments__warehouse_robot_interfaces.json
[0.518s]   --output-dir
[0.518s]   /home/rony/Documents/inmind/Session06/Rony-ROS2-Warehouse/src/build/warehouse_robot_interfaces/rosidl_adapter/warehouse_robot_interfaces
[0.518s]   --output-file
[0.518s]   /home/rony/Documents/inmind/Session06/Rony-ROS2-Warehouse/src/build/warehouse_robot_interfaces/rosidl_adapter/warehouse_robot_interfaces.idls)
[0.518s]   returned error code 1:
[0.518s] 
[0.518s]   Traceback (most recent call last):
[0.518s] 
[0.518s]     File "<frozen runpy>", line 198, in _run_module_as_main
[0.518s]     File "<frozen runpy>", line 88, in _run_code
[0.518s]     File "/opt/ros/humble/local/lib/python3.10/dist-packages/rosidl_adapter/__main__.py", line 19, in <module>
[0.518s]       sys.exit(main())
[0.519s]                ^^^^^^
[0.519s]     File "/opt/ros/humble/local/lib/python3.10/dist-packages/rosidl_adapter/main.py", line 53, in main
[0.519s]       abs_idl_file = convert_to_idl(
[0.519s]                      ^^^^^^^^^^^^^^^
[0.519s]     File "/opt/ros/humble/local/lib/python3.10/dist-packages/rosidl_adapter/__init__.py", line 28, in convert_to_idl
[0.519s]       from rosidl_adapter.action import convert_action_to_idl
[0.519s]     File "/opt/ros/humble/local/lib/python3.10/dist-packages/rosidl_adapter/action/__init__.py", line 16, in <module>
[0.519s]       from rosidl_adapter.resource import expand_template
[0.519s]     File "/opt/ros/humble/local/lib/python3.10/dist-packages/rosidl_adapter/resource/__init__.py", line 19, in <module>
[0.519s]       import em
[0.519s] 
[0.519s]   ModuleNotFoundError: No module named 'em'
[0.519s] 
[0.519s] Call Stack (most recent call first):
[0.519s]   /opt/ros/humble/share/rosidl_cmake/cmake/rosidl_generate_interfaces.cmake:130 (rosidl_adapt_interfaces)
[0.519s]   CMakeLists.txt:13 (rosidl_generate_interfaces)
[0.519s] 
[0.519s] [0m
[0.519s] -- Configuring incomplete, errors occurred!
[0.519s] See also "/home/rony/Documents/inmind/Session06/Rony-ROS2-Warehouse/src/build/warehouse_robot_interfaces/CMakeFiles/CMakeOutput.log".
[0.522s] Invoked command in '/home/rony/Documents/inmind/Session06/Rony-ROS2-Warehouse/src/build/warehouse_robot_interfaces' returned '1': CMAKE_PREFIX_PATH=/opt/ros/humble /usr/bin/cmake /home/rony/Documents/inmind/Session06/Rony-ROS2-Warehouse/src/warehouse_robot_interfaces -DCMAKE_INSTALL_PREFIX=/home/rony/Documents/inmind/Session06/Rony-ROS2-Warehouse/src/install/warehouse_robot_interfaces
