[0.067s] DEBUG:colcon:Command line arguments: ['/usr/bin/colcon', 'build']
[0.067s] DEBUG:colcon:Parsed command line arguments: Namespace(log_base=None, log_level=None, verb_name='build', build_base='build', install_base='install', merge_install=False, symlink_install=False, test_result_base=None, continue_on_error=False, executor='parallel', parallel_workers=8, event_handlers=None, ignore_user_meta=False, metas=['./colcon.meta'], base_paths=['.'], packages_ignore=None, packages_ignore_regex=None, paths=None, packages_up_to=None, packages_up_to_regex=None, packages_above=None, packages_above_and_dependencies=None, packages_above_depth=None, packages_select_by_dep=None, packages_skip_by_dep=None, packages_skip_up_to=None, packages_select_build_failed=False, packages_skip_build_finished=False, packages_select_test_failures=False, packages_skip_test_passed=False, packages_select=None, packages_skip=None, packages_select_regex=None, packages_skip_regex=None, packages_start=None, packages_end=None, allow_overriding=[], cmake_args=None, cmake_target=None, cmake_target_skip_unavailable=False, cmake_clean_cache=False, cmake_clean_first=False, cmake_force_configure=False, ament_cmake_args=None, catkin_cmake_args=None, catkin_skip_building_tests=False, verb_parser=<colcon_defaults.argument_parser.defaults.DefaultArgumentsDecorator object at 0x7bdff1c44040>, verb_extension=<colcon_core.verb.build.BuildVerb object at 0x7bdff1c03a00>, main=<bound method BuildVerb.main of <colcon_core.verb.build.BuildVerb object at 0x7bdff1c03a00>>)
[0.166s] Level 1:colcon.colcon_core.package_discovery:discover_packages(colcon_meta) check parameters
[0.166s] Level 1:colcon.colcon_core.package_discovery:discover_packages(recursive) check parameters
[0.166s] Level 1:colcon.colcon_core.package_discovery:discover_packages(ignore) check parameters
[0.166s] Level 1:colcon.colcon_core.package_discovery:discover_packages(path) check parameters
[0.166s] Level 1:colcon.colcon_core.package_discovery:discover_packages(colcon_meta) discover
[0.166s] Level 1:colcon.colcon_core.package_discovery:discover_packages(recursive) discover
[0.166s] INFO:colcon.colcon_core.package_discovery:Crawling recursively for packages in '/home/rony/Documents/inmind/Session06/Rony-ROS2-Warehouse'
[0.166s] Level 1:colcon.colcon_core.package_identification:_identify(.) by extensions ['ignore', 'ignore_ament_install']
[0.166s] Level 1:colcon.colcon_core.package_identification:_identify(.) by extension 'ignore'
[0.166s] Level 1:colcon.colcon_core.package_identification:_identify(.) by extension 'ignore_ament_install'
[0.166s] Level 1:colcon.colcon_core.package_identification:_identify(.) by extensions ['colcon_pkg']
[0.166s] Level 1:colcon.colcon_core.package_identification:_identify(.) by extension 'colcon_pkg'
[0.166s] Level 1:colcon.colcon_core.package_identification:_identify(.) by extensions ['colcon_meta']
[0.166s] Level 1:colcon.colcon_core.package_identification:_identify(.) by extension 'colcon_meta'
[0.166s] Level 1:colcon.colcon_core.package_identification:_identify(.) by extensions ['ros']
[0.166s] Level 1:colcon.colcon_core.package_identification:_identify(.) by extension 'ros'
[0.174s] Level 1:colcon.colcon_core.package_identification:_identify(.) by extensions ['cmake', 'python']
[0.174s] Level 1:colcon.colcon_core.package_identification:_identify(.) by extension 'cmake'
[0.174s] Level 1:colcon.colcon_core.package_identification:_identify(.) by extension 'python'
[0.174s] Level 1:colcon.colcon_core.package_identification:_identify(.) by extensions ['python_setup_py']
[0.174s] Level 1:colcon.colcon_core.package_identification:_identify(.) by extension 'python_setup_py'
[0.174s] Level 1:colcon.colcon_core.package_identification:_identify(build) by extensions ['ignore', 'ignore_ament_install']
[0.174s] Level 1:colcon.colcon_core.package_identification:_identify(build) by extension 'ignore'
[0.174s] Level 1:colcon.colcon_core.package_identification:_identify(build) ignored
[0.174s] Level 1:colcon.colcon_core.package_identification:_identify(install) by extensions ['ignore', 'ignore_ament_install']
[0.175s] Level 1:colcon.colcon_core.package_identification:_identify(install) by extension 'ignore'
[0.175s] Level 1:colcon.colcon_core.package_identification:_identify(install) ignored
[0.175s] Level 1:colcon.colcon_core.package_identification:_identify(log) by extensions ['ignore', 'ignore_ament_install']
[0.175s] Level 1:colcon.colcon_core.package_identification:_identify(log) by extension 'ignore'
[0.175s] Level 1:colcon.colcon_core.package_identification:_identify(log) ignored
[0.175s] Level 1:colcon.colcon_core.package_identification:_identify(src) by extensions ['ignore', 'ignore_ament_install']
[0.175s] Level 1:colcon.colcon_core.package_identification:_identify(src) by extension 'ignore'
[0.175s] Level 1:colcon.colcon_core.package_identification:_identify(src) by extension 'ignore_ament_install'
[0.175s] Level 1:colcon.colcon_core.package_identification:_identify(src) by extensions ['colcon_pkg']
[0.175s] Level 1:colcon.colcon_core.package_identification:_identify(src) by extension 'colcon_pkg'
[0.175s] Level 1:colcon.colcon_core.package_identification:_identify(src) by extensions ['colcon_meta']
[0.175s] Level 1:colcon.colcon_core.package_identification:_identify(src) by extension 'colcon_meta'
[0.175s] Level 1:colcon.colcon_core.package_identification:_identify(src) by extensions ['ros']
[0.175s] Level 1:colcon.colcon_core.package_identification:_identify(src) by extension 'ros'
[0.175s] Level 1:colcon.colcon_core.package_identification:_identify(src) by extensions ['cmake', 'python']
[0.175s] Level 1:colcon.colcon_core.package_identification:_identify(src) by extension 'cmake'
[0.175s] Level 1:colcon.colcon_core.package_identification:_identify(src) by extension 'python'
[0.175s] Level 1:colcon.colcon_core.package_identification:_identify(src) by extensions ['python_setup_py']
[0.175s] Level 1:colcon.colcon_core.package_identification:_identify(src) by extension 'python_setup_py'
[0.175s] Level 1:colcon.colcon_core.package_identification:_identify(src/warehouse_robot) by extensions ['ignore', 'ignore_ament_install']
[0.175s] Level 1:colcon.colcon_core.package_identification:_identify(src/warehouse_robot) by extension 'ignore'
[0.175s] Level 1:colcon.colcon_core.package_identification:_identify(src/warehouse_robot) by extension 'ignore_ament_install'
[0.175s] Level 1:colcon.colcon_core.package_identification:_identify(src/warehouse_robot) by extensions ['colcon_pkg']
[0.175s] Level 1:colcon.colcon_core.package_identification:_identify(src/warehouse_robot) by extension 'colcon_pkg'
[0.175s] Level 1:colcon.colcon_core.package_identification:_identify(src/warehouse_robot) by extensions ['colcon_meta']
[0.175s] Level 1:colcon.colcon_core.package_identification:_identify(src/warehouse_robot) by extension 'colcon_meta'
[0.175s] Level 1:colcon.colcon_core.package_identification:_identify(src/warehouse_robot) by extensions ['ros']
[0.175s] Level 1:colcon.colcon_core.package_identification:_identify(src/warehouse_robot) by extension 'ros'
[0.177s] DEBUG:colcon.colcon_core.package_identification:Package 'src/warehouse_robot' with type 'ros.ament_python' and name 'warehouse_robot'
[0.177s] Level 1:colcon.colcon_core.package_identification:_identify(src/warehouse_robot_interfaces) by extensions ['ignore', 'ignore_ament_install']
[0.177s] Level 1:colcon.colcon_core.package_identification:_identify(src/warehouse_robot_interfaces) by extension 'ignore'
[0.177s] Level 1:colcon.colcon_core.package_identification:_identify(src/warehouse_robot_interfaces) by extension 'ignore_ament_install'
[0.177s] Level 1:colcon.colcon_core.package_identification:_identify(src/warehouse_robot_interfaces) by extensions ['colcon_pkg']
[0.177s] Level 1:colcon.colcon_core.package_identification:_identify(src/warehouse_robot_interfaces) by extension 'colcon_pkg'
[0.177s] Level 1:colcon.colcon_core.package_identification:_identify(src/warehouse_robot_interfaces) by extensions ['colcon_meta']
[0.177s] Level 1:colcon.colcon_core.package_identification:_identify(src/warehouse_robot_interfaces) by extension 'colcon_meta'
[0.177s] Level 1:colcon.colcon_core.package_identification:_identify(src/warehouse_robot_interfaces) by extensions ['ros']
[0.177s] Level 1:colcon.colcon_core.package_identification:_identify(src/warehouse_robot_interfaces) by extension 'ros'
[0.178s] DEBUG:colcon.colcon_core.package_identification:Package 'src/warehouse_robot_interfaces' with type 'ros.ament_cmake' and name 'warehouse_robot_interfaces'
[0.178s] Level 1:colcon.colcon_core.package_discovery:discover_packages(recursive) using defaults
[0.178s] Level 1:colcon.colcon_core.package_discovery:discover_packages(ignore) discover
[0.178s] Level 1:colcon.colcon_core.package_discovery:discover_packages(ignore) using defaults
[0.178s] Level 1:colcon.colcon_core.package_discovery:discover_packages(path) discover
[0.178s] Level 1:colcon.colcon_core.package_discovery:discover_packages(path) using defaults
[0.191s] Level 1:colcon.colcon_core.package_discovery:discover_packages(prefix_path) check parameters
[0.191s] Level 1:colcon.colcon_core.package_discovery:discover_packages(prefix_path) discover
[0.192s] DEBUG:colcon.colcon_installed_package_information.package_discovery:Found 270 installed packages in /opt/ros/humble
[0.193s] Level 1:colcon.colcon_core.package_discovery:discover_packages(prefix_path) using defaults
[0.226s] Level 5:colcon.colcon_core.verb:set package 'warehouse_robot' build argument 'cmake_args' from command line to 'None'
[0.226s] Level 5:colcon.colcon_core.verb:set package 'warehouse_robot' build argument 'cmake_target' from command line to 'None'
[0.226s] Level 5:colcon.colcon_core.verb:set package 'warehouse_robot' build argument 'cmake_target_skip_unavailable' from command line to 'False'
[0.226s] Level 5:colcon.colcon_core.verb:set package 'warehouse_robot' build argument 'cmake_clean_cache' from command line to 'False'
[0.226s] Level 5:colcon.colcon_core.verb:set package 'warehouse_robot' build argument 'cmake_clean_first' from command line to 'False'
[0.226s] Level 5:colcon.colcon_core.verb:set package 'warehouse_robot' build argument 'cmake_force_configure' from command line to 'False'
[0.226s] Level 5:colcon.colcon_core.verb:set package 'warehouse_robot' build argument 'ament_cmake_args' from command line to 'None'
[0.226s] Level 5:colcon.colcon_core.verb:set package 'warehouse_robot' build argument 'catkin_cmake_args' from command line to 'None'
[0.226s] Level 5:colcon.colcon_core.verb:set package 'warehouse_robot' build argument 'catkin_skip_building_tests' from command line to 'False'
[0.226s] DEBUG:colcon.colcon_core.verb:Building package 'warehouse_robot' with the following arguments: {'ament_cmake_args': None, 'build_base': '/home/rony/Documents/inmind/Session06/Rony-ROS2-Warehouse/build/warehouse_robot', 'catkin_cmake_args': None, 'catkin_skip_building_tests': False, 'cmake_args': None, 'cmake_clean_cache': False, 'cmake_clean_first': False, 'cmake_force_configure': False, 'cmake_target': None, 'cmake_target_skip_unavailable': False, 'install_base': '/home/rony/Documents/inmind/Session06/Rony-ROS2-Warehouse/install/warehouse_robot', 'merge_install': False, 'path': '/home/rony/Documents/inmind/Session06/Rony-ROS2-Warehouse/src/warehouse_robot', 'symlink_install': False, 'test_result_base': None}
[0.227s] Level 5:colcon.colcon_core.verb:set package 'warehouse_robot_interfaces' build argument 'cmake_args' from command line to 'None'
[0.227s] Level 5:colcon.colcon_core.verb:set package 'warehouse_robot_interfaces' build argument 'cmake_target' from command line to 'None'
[0.227s] Level 5:colcon.colcon_core.verb:set package 'warehouse_robot_interfaces' build argument 'cmake_target_skip_unavailable' from command line to 'False'
[0.227s] Level 5:colcon.colcon_core.verb:set package 'warehouse_robot_interfaces' build argument 'cmake_clean_cache' from command line to 'False'
[0.227s] Level 5:colcon.colcon_core.verb:set package 'warehouse_robot_interfaces' build argument 'cmake_clean_first' from command line to 'False'
[0.227s] Level 5:colcon.colcon_core.verb:set package 'warehouse_robot_interfaces' build argument 'cmake_force_configure' from command line to 'False'
[0.227s] Level 5:colcon.colcon_core.verb:set package 'warehouse_robot_interfaces' build argument 'ament_cmake_args' from command line to 'None'
[0.227s] Level 5:colcon.colcon_core.verb:set package 'warehouse_robot_interfaces' build argument 'catkin_cmake_args' from command line to 'None'
[0.227s] Level 5:colcon.colcon_core.verb:set package 'warehouse_robot_interfaces' build argument 'catkin_skip_building_tests' from command line to 'False'
[0.227s] DEBUG:colcon.colcon_core.verb:Building package 'warehouse_robot_interfaces' with the following arguments: {'ament_cmake_args': None, 'build_base': '/home/rony/Documents/inmind/Session06/Rony-ROS2-Warehouse/build/warehouse_robot_interfaces', 'catkin_cmake_args': None, 'catkin_skip_building_tests': False, 'cmake_args': None, 'cmake_clean_cache': False, 'cmake_clean_first': False, 'cmake_force_configure': False, 'cmake_target': None, 'cmake_target_skip_unavailable': False, 'install_base': '/home/rony/Documents/inmind/Session06/Rony-ROS2-Warehouse/install/warehouse_robot_interfaces', 'merge_install': False, 'path': '/home/rony/Documents/inmind/Session06/Rony-ROS2-Warehouse/src/warehouse_robot_interfaces', 'symlink_install': False, 'test_result_base': None}
[0.227s] INFO:colcon.colcon_core.executor:Executing jobs using 'parallel' executor
[0.228s] DEBUG:colcon.colcon_parallel_executor.executor.parallel:run_until_complete
[0.228s] INFO:colcon.colcon_ros.task.ament_python.build:Building ROS package in '/home/rony/Documents/inmind/Session06/Rony-ROS2-Warehouse/src/warehouse_robot' with build type 'ament_python'
[0.228s] Level 1:colcon.colcon_core.shell:create_environment_hook('warehouse_robot', 'ament_prefix_path')
[0.229s] INFO:colcon.colcon_core.plugin_system:Skipping extension 'colcon_core.shell.bat': Not used on non-Windows systems
[0.230s] INFO:colcon.colcon_core.shell:Creating environment hook '/home/rony/Documents/inmind/Session06/Rony-ROS2-Warehouse/install/warehouse_robot/share/warehouse_robot/hook/ament_prefix_path.ps1'
[0.230s] INFO:colcon.colcon_core.shell:Creating environment descriptor '/home/rony/Documents/inmind/Session06/Rony-ROS2-Warehouse/install/warehouse_robot/share/warehouse_robot/hook/ament_prefix_path.dsv'
[0.230s] INFO:colcon.colcon_core.shell:Creating environment hook '/home/rony/Documents/inmind/Session06/Rony-ROS2-Warehouse/install/warehouse_robot/share/warehouse_robot/hook/ament_prefix_path.sh'
[0.231s] INFO:colcon.colcon_core.shell:Skip shell extension 'powershell' for command environment: Not usable outside of PowerShell
[0.231s] DEBUG:colcon.colcon_core.shell:Skip shell extension 'dsv' for command environment
[0.233s] INFO:colcon.colcon_ros.task.ament_cmake.build:Building ROS package in '/home/rony/Documents/inmind/Session06/Rony-ROS2-Warehouse/src/warehouse_robot_interfaces' with build type 'ament_cmake'
[0.233s] INFO:colcon.colcon_cmake.task.cmake.build:Building CMake package in '/home/rony/Documents/inmind/Session06/Rony-ROS2-Warehouse/src/warehouse_robot_interfaces'
[0.233s] INFO:colcon.colcon_core.shell:Skip shell extension 'powershell' for command environment: Not usable outside of PowerShell
[0.233s] DEBUG:colcon.colcon_core.shell:Skip shell extension 'dsv' for command environment
[0.397s] INFO:colcon.colcon_core.task.python.build:Building Python package in '/home/rony/Documents/inmind/Session06/Rony-ROS2-Warehouse/src/warehouse_robot'
[0.397s] INFO:colcon.colcon_core.shell:Skip shell extension 'powershell' for command environment: Not usable outside of PowerShell
[0.397s] DEBUG:colcon.colcon_core.shell:Skip shell extension 'dsv' for command environment
[0.403s] DEBUG:colcon.colcon_core.event_handler.log_command:Invoking command in '/home/rony/Documents/inmind/Session06/Rony-ROS2-Warehouse/build/warehouse_robot_interfaces': CMAKE_PREFIX_PATH=/opt/ros/humble /usr/bin/cmake /home/rony/Documents/inmind/Session06/Rony-ROS2-Warehouse/src/warehouse_robot_interfaces -DCMAKE_INSTALL_PREFIX=/home/rony/Documents/inmind/Session06/Rony-ROS2-Warehouse/install/warehouse_robot_interfaces
[0.631s] DEBUG:colcon.colcon_core.event_handler.log_command:Invoking command in '/home/rony/Documents/inmind/Session06/Rony-ROS2-Warehouse/src/warehouse_robot': PYTHONPATH=/home/rony/Documents/inmind/Session06/Rony-ROS2-Warehouse/build/warehouse_robot/prefix_override:/usr/lib/python3/dist-packages/colcon_core/task/python/colcon_distutils_commands:/home/rony/Documents/inmind/Session06/Rony-ROS2-Warehouse/install/warehouse_robot/lib/python3.10/site-packages:${PYTHONPATH} /usr/bin/python3 -W ignore:setup.py install is deprecated setup.py egg_info --egg-base ../../build/warehouse_robot build --build-base /home/rony/Documents/inmind/Session06/Rony-ROS2-Warehouse/build/warehouse_robot/build install --record /home/rony/Documents/inmind/Session06/Rony-ROS2-Warehouse/build/warehouse_robot/install.log --single-version-externally-managed install_data
[0.835s] DEBUG:colcon.colcon_core.event_handler.log_command:Invoked command in '/home/rony/Documents/inmind/Session06/Rony-ROS2-Warehouse/src/warehouse_robot' returned '0': PYTHONPATH=/home/rony/Documents/inmind/Session06/Rony-ROS2-Warehouse/build/warehouse_robot/prefix_override:/usr/lib/python3/dist-packages/colcon_core/task/python/colcon_distutils_commands:/home/rony/Documents/inmind/Session06/Rony-ROS2-Warehouse/install/warehouse_robot/lib/python3.10/site-packages:${PYTHONPATH} /usr/bin/python3 -W ignore:setup.py install is deprecated setup.py egg_info --egg-base ../../build/warehouse_robot build --build-base /home/rony/Documents/inmind/Session06/Rony-ROS2-Warehouse/build/warehouse_robot/build install --record /home/rony/Documents/inmind/Session06/Rony-ROS2-Warehouse/build/warehouse_robot/install.log --single-version-externally-managed install_data
[0.836s] Level 1:colcon.colcon_core.environment:checking '/home/rony/Documents/inmind/Session06/Rony-ROS2-Warehouse/install/warehouse_robot' for CMake module files
[0.836s] Level 1:colcon.colcon_core.environment:checking '/home/rony/Documents/inmind/Session06/Rony-ROS2-Warehouse/install/warehouse_robot' for CMake config files
[0.837s] Level 1:colcon.colcon_core.environment:checking '/home/rony/Documents/inmind/Session06/Rony-ROS2-Warehouse/install/warehouse_robot/lib'
[0.837s] Level 1:colcon.colcon_core.environment:checking '/home/rony/Documents/inmind/Session06/Rony-ROS2-Warehouse/install/warehouse_robot/bin'
[0.837s] Level 1:colcon.colcon_core.environment:checking '/home/rony/Documents/inmind/Session06/Rony-ROS2-Warehouse/install/warehouse_robot/lib/pkgconfig/warehouse_robot.pc'
[0.837s] Level 1:colcon.colcon_core.environment:checking '/home/rony/Documents/inmind/Session06/Rony-ROS2-Warehouse/install/warehouse_robot/lib/python3.10/site-packages'
[0.837s] Level 1:colcon.colcon_core.shell:create_environment_hook('warehouse_robot', 'pythonpath')
[0.837s] INFO:colcon.colcon_core.shell:Creating environment hook '/home/rony/Documents/inmind/Session06/Rony-ROS2-Warehouse/install/warehouse_robot/share/warehouse_robot/hook/pythonpath.ps1'
[0.837s] INFO:colcon.colcon_core.shell:Creating environment descriptor '/home/rony/Documents/inmind/Session06/Rony-ROS2-Warehouse/install/warehouse_robot/share/warehouse_robot/hook/pythonpath.dsv'
[0.838s] INFO:colcon.colcon_core.shell:Creating environment hook '/home/rony/Documents/inmind/Session06/Rony-ROS2-Warehouse/install/warehouse_robot/share/warehouse_robot/hook/pythonpath.sh'
[0.838s] Level 1:colcon.colcon_core.environment:checking '/home/rony/Documents/inmind/Session06/Rony-ROS2-Warehouse/install/warehouse_robot/bin'
[0.838s] Level 1:colcon.colcon_core.environment:create_environment_scripts_only(warehouse_robot)
[0.838s] INFO:colcon.colcon_core.shell:Creating package script '/home/rony/Documents/inmind/Session06/Rony-ROS2-Warehouse/install/warehouse_robot/share/warehouse_robot/package.ps1'
[0.839s] INFO:colcon.colcon_core.shell:Creating package descriptor '/home/rony/Documents/inmind/Session06/Rony-ROS2-Warehouse/install/warehouse_robot/share/warehouse_robot/package.dsv'
[0.839s] INFO:colcon.colcon_core.shell:Creating package script '/home/rony/Documents/inmind/Session06/Rony-ROS2-Warehouse/install/warehouse_robot/share/warehouse_robot/package.sh'
[0.839s] INFO:colcon.colcon_core.shell:Creating package script '/home/rony/Documents/inmind/Session06/Rony-ROS2-Warehouse/install/warehouse_robot/share/warehouse_robot/package.bash'
[0.840s] INFO:colcon.colcon_core.shell:Creating package script '/home/rony/Documents/inmind/Session06/Rony-ROS2-Warehouse/install/warehouse_robot/share/warehouse_robot/package.zsh'
[0.840s] Level 1:colcon.colcon_core.environment:create_file_with_runtime_dependencies(/home/rony/Documents/inmind/Session06/Rony-ROS2-Warehouse/install/warehouse_robot/share/colcon-core/packages/warehouse_robot)
[0.943s] DEBUG:colcon.colcon_core.event_handler.log_command:Invoked command in '/home/rony/Documents/inmind/Session06/Rony-ROS2-Warehouse/build/warehouse_robot_interfaces' returned '1': CMAKE_PREFIX_PATH=/opt/ros/humble /usr/bin/cmake /home/rony/Documents/inmind/Session06/Rony-ROS2-Warehouse/src/warehouse_robot_interfaces -DCMAKE_INSTALL_PREFIX=/home/rony/Documents/inmind/Session06/Rony-ROS2-Warehouse/install/warehouse_robot_interfaces
[0.953s] Level 1:colcon.colcon_core.environment:create_environment_scripts_only(warehouse_robot_interfaces)
[0.953s] Level 1:colcon.colcon_core.environment:checking '/home/rony/Documents/inmind/Session06/Rony-ROS2-Warehouse/install/warehouse_robot_interfaces' for CMake module files
[0.953s] Level 1:colcon.colcon_core.environment:checking '/home/rony/Documents/inmind/Session06/Rony-ROS2-Warehouse/install/warehouse_robot_interfaces' for CMake config files
[0.953s] Level 1:colcon.colcon_core.environment:checking '/home/rony/Documents/inmind/Session06/Rony-ROS2-Warehouse/install/warehouse_robot_interfaces/bin'
[0.953s] Level 1:colcon.colcon_core.environment:checking '/home/rony/Documents/inmind/Session06/Rony-ROS2-Warehouse/install/warehouse_robot_interfaces/lib/pkgconfig/warehouse_robot_interfaces.pc'
[0.953s] Level 1:colcon.colcon_core.environment:checking '/home/rony/Documents/inmind/Session06/Rony-ROS2-Warehouse/install/warehouse_robot_interfaces/lib/python3.10/site-packages'
[0.954s] Level 1:colcon.colcon_core.environment:checking '/home/rony/Documents/inmind/Session06/Rony-ROS2-Warehouse/install/warehouse_robot_interfaces/bin'
[0.954s] INFO:colcon.colcon_core.shell:Creating package script '/home/rony/Documents/inmind/Session06/Rony-ROS2-Warehouse/install/warehouse_robot_interfaces/share/warehouse_robot_interfaces/package.ps1'
[0.954s] INFO:colcon.colcon_core.shell:Creating package descriptor '/home/rony/Documents/inmind/Session06/Rony-ROS2-Warehouse/install/warehouse_robot_interfaces/share/warehouse_robot_interfaces/package.dsv'
[0.954s] INFO:colcon.colcon_core.shell:Creating package script '/home/rony/Documents/inmind/Session06/Rony-ROS2-Warehouse/install/warehouse_robot_interfaces/share/warehouse_robot_interfaces/package.sh'
[0.955s] INFO:colcon.colcon_core.shell:Creating package script '/home/rony/Documents/inmind/Session06/Rony-ROS2-Warehouse/install/warehouse_robot_interfaces/share/warehouse_robot_interfaces/package.bash'
[0.955s] INFO:colcon.colcon_core.shell:Creating package script '/home/rony/Documents/inmind/Session06/Rony-ROS2-Warehouse/install/warehouse_robot_interfaces/share/warehouse_robot_interfaces/package.zsh'
[0.955s] Level 1:colcon.colcon_core.environment:create_file_with_runtime_dependencies(/home/rony/Documents/inmind/Session06/Rony-ROS2-Warehouse/install/warehouse_robot_interfaces/share/colcon-core/packages/warehouse_robot_interfaces)
[0.955s] DEBUG:colcon.colcon_parallel_executor.executor.parallel:closing loop
[0.955s] DEBUG:colcon.colcon_parallel_executor.executor.parallel:loop closed
[0.955s] DEBUG:colcon.colcon_parallel_executor.executor.parallel:run_until_complete finished with '1'
[0.956s] DEBUG:colcon.colcon_core.event_reactor:joining thread
[0.961s] INFO:colcon.colcon_core.plugin_system:Skipping extension 'colcon_notification.desktop_notification.terminal_notifier': Not used on non-Darwin systems
[0.961s] INFO:colcon.colcon_core.plugin_system:Skipping extension 'colcon_notification.desktop_notification.win32': Not used on non-Windows systems
[0.961s] INFO:colcon.colcon_notification.desktop_notification:Sending desktop notification using 'notify2'
[0.971s] DEBUG:colcon.colcon_core.event_reactor:joined thread
[0.971s] INFO:colcon.colcon_core.shell:Creating prefix script '/home/rony/Documents/inmind/Session06/Rony-ROS2-Warehouse/install/local_setup.ps1'
[0.972s] INFO:colcon.colcon_core.shell:Creating prefix util module '/home/rony/Documents/inmind/Session06/Rony-ROS2-Warehouse/install/_local_setup_util_ps1.py'
[0.973s] INFO:colcon.colcon_core.shell:Creating prefix chain script '/home/rony/Documents/inmind/Session06/Rony-ROS2-Warehouse/install/setup.ps1'
[0.974s] INFO:colcon.colcon_core.shell:Creating prefix script '/home/rony/Documents/inmind/Session06/Rony-ROS2-Warehouse/install/local_setup.sh'
[0.974s] INFO:colcon.colcon_core.shell:Creating prefix util module '/home/rony/Documents/inmind/Session06/Rony-ROS2-Warehouse/install/_local_setup_util_sh.py'
[0.975s] INFO:colcon.colcon_core.shell:Creating prefix chain script '/home/rony/Documents/inmind/Session06/Rony-ROS2-Warehouse/install/setup.sh'
[0.975s] INFO:colcon.colcon_core.shell:Creating prefix script '/home/rony/Documents/inmind/Session06/Rony-ROS2-Warehouse/install/local_setup.bash'
[0.975s] INFO:colcon.colcon_core.shell:Creating prefix chain script '/home/rony/Documents/inmind/Session06/Rony-ROS2-Warehouse/install/setup.bash'
[0.976s] INFO:colcon.colcon_core.shell:Creating prefix script '/home/rony/Documents/inmind/Session06/Rony-ROS2-Warehouse/install/local_setup.zsh'
[0.976s] INFO:colcon.colcon_core.shell:Creating prefix chain script '/home/rony/Documents/inmind/Session06/Rony-ROS2-Warehouse/install/setup.zsh'
