/home/rony/Documents/inmind/Session06/Rony-ROS2-Warehouse/src/install/warehouse_robot/lib/python3.10/site-packages/warehouse_robot/__init__.py
/home/rony/Documents/inmind/Session06/Rony-ROS2-Warehouse/src/install/warehouse_robot/lib/python3.10/site-packages/warehouse_robot/item_delivery_action_client.py
/home/rony/Documents/inmind/Session06/Rony-ROS2-Warehouse/src/install/warehouse_robot/lib/python3.10/site-packages/warehouse_robot/item_delivery_action_server.py
/home/rony/Documents/inmind/Session06/Rony-ROS2-Warehouse/src/install/warehouse_robot/lib/python3.10/site-packages/warehouse_robot/stock_checker_service_server.py
/home/rony/Documents/inmind/Session06/Rony-ROS2-Warehouse/src/install/warehouse_robot/lib/python3.10/site-packages/warehouse_robot/stock_checker_service_client.py
/home/rony/Documents/inmind/Session06/Rony-ROS2-Warehouse/src/install/warehouse_robot/lib/python3.10/site-packages/warehouse_robot/__pycache__/__init__.cpython-310.pyc
/home/rony/Documents/inmind/Session06/Rony-ROS2-Warehouse/src/install/warehouse_robot/lib/python3.10/site-packages/warehouse_robot/__pycache__/item_delivery_action_client.cpython-310.pyc
/home/rony/Documents/inmind/Session06/Rony-ROS2-Warehouse/src/install/warehouse_robot/lib/python3.10/site-packages/warehouse_robot/__pycache__/item_delivery_action_server.cpython-310.pyc
/home/rony/Documents/inmind/Session06/Rony-ROS2-Warehouse/src/install/warehouse_robot/lib/python3.10/site-packages/warehouse_robot/__pycache__/stock_checker_service_server.cpython-310.pyc
/home/rony/Documents/inmind/Session06/Rony-ROS2-Warehouse/src/install/warehouse_robot/lib/python3.10/site-packages/warehouse_robot/__pycache__/stock_checker_service_client.cpython-310.pyc
/home/rony/Documents/inmind/Session06/Rony-ROS2-Warehouse/src/install/warehouse_robot/share/ament_index/resource_index/packages/warehouse_robot
/home/rony/Documents/inmind/Session06/Rony-ROS2-Warehouse/src/install/warehouse_robot/share/warehouse_robot/package.xml
/home/rony/Documents/inmind/Session06/Rony-ROS2-Warehouse/src/install/warehouse_robot/share/warehouse_robot/launch/warehouse_robot_launch.py
/home/rony/Documents/inmind/Session06/Rony-ROS2-Warehouse/src/install/warehouse_robot/lib/python3.10/site-packages/warehouse_robot-0.0.0-py3.10.egg-info/requires.txt
/home/rony/Documents/inmind/Session06/Rony-ROS2-Warehouse/src/install/warehouse_robot/lib/python3.10/site-packages/warehouse_robot-0.0.0-py3.10.egg-info/entry_points.txt
/home/rony/Documents/inmind/Session06/Rony-ROS2-Warehouse/src/install/warehouse_robot/lib/python3.10/site-packages/warehouse_robot-0.0.0-py3.10.egg-info/SOURCES.txt
/home/rony/Documents/inmind/Session06/Rony-ROS2-Warehouse/src/install/warehouse_robot/lib/python3.10/site-packages/warehouse_robot-0.0.0-py3.10.egg-info/zip-safe
/home/rony/Documents/inmind/Session06/Rony-ROS2-Warehouse/src/install/warehouse_robot/lib/python3.10/site-packages/warehouse_robot-0.0.0-py3.10.egg-info/dependency_links.txt
/home/rony/Documents/inmind/Session06/Rony-ROS2-Warehouse/src/install/warehouse_robot/lib/python3.10/site-packages/warehouse_robot-0.0.0-py3.10.egg-info/PKG-INFO
/home/rony/Documents/inmind/Session06/Rony-ROS2-Warehouse/src/install/warehouse_robot/lib/python3.10/site-packages/warehouse_robot-0.0.0-py3.10.egg-info/top_level.txt
/home/rony/Documents/inmind/Session06/Rony-ROS2-Warehouse/src/install/warehouse_robot/lib/warehouse_robot/item_delivery_client
/home/rony/Documents/inmind/Session06/Rony-ROS2-Warehouse/src/install/warehouse_robot/lib/warehouse_robot/item_delivery_server
/home/rony/Documents/inmind/Session06/Rony-ROS2-Warehouse/src/install/warehouse_robot/lib/warehouse_robot/stock_checker_client
/home/rony/Documents/inmind/Session06/Rony-ROS2-Warehouse/src/install/warehouse_robot/lib/warehouse_robot/stock_checker_server
