running egg_info
creating ../build/warehouse_robot/warehouse_robot.egg-info
writing ../build/warehouse_robot/warehouse_robot.egg-info/PKG-INFO
writing dependency_links to ../build/warehouse_robot/warehouse_robot.egg-info/dependency_links.txt
writing entry points to ../build/warehouse_robot/warehouse_robot.egg-info/entry_points.txt
writing requirements to ../build/warehouse_robot/warehouse_robot.egg-info/requires.txt
writing top-level names to ../build/warehouse_robot/warehouse_robot.egg-info/top_level.txt
writing manifest file '../build/warehouse_robot/warehouse_robot.egg-info/SOURCES.txt'
reading manifest file '../build/warehouse_robot/warehouse_robot.egg-info/SOURCES.txt'
writing manifest file '../build/warehouse_robot/warehouse_robot.egg-info/SOURCES.txt'
running build
running build_py
creating /home/rony/Documents/inmind/Session06/Rony-ROS2-Warehouse/src/build/warehouse_robot/build
creating /home/rony/Documents/inmind/Session06/Rony-ROS2-Warehouse/src/build/warehouse_robot/build/lib
creating /home/rony/Documents/inmind/Session06/Rony-ROS2-Warehouse/src/build/warehouse_robot/build/lib/warehouse_robot
copying warehouse_robot/__init__.py -> /home/rony/Documents/inmind/Session06/Rony-ROS2-Warehouse/src/build/warehouse_robot/build/lib/warehouse_robot
copying warehouse_robot/item_delivery_action_client.py -> /home/rony/Documents/inmind/Session06/Rony-ROS2-Warehouse/src/build/warehouse_robot/build/lib/warehouse_robot
copying warehouse_robot/item_delivery_action_server.py -> /home/rony/Documents/inmind/Session06/Rony-ROS2-Warehouse/src/build/warehouse_robot/build/lib/warehouse_robot
copying warehouse_robot/stock_checker_service_server.py -> /home/rony/Documents/inmind/Session06/Rony-ROS2-Warehouse/src/build/warehouse_robot/build/lib/warehouse_robot
copying warehouse_robot/stock_checker_service_client.py -> /home/rony/Documents/inmind/Session06/Rony-ROS2-Warehouse/src/build/warehouse_robot/build/lib/warehouse_robot
running install
running install_lib
creating /home/rony/Documents/inmind/Session06/Rony-ROS2-Warehouse/src/install/warehouse_robot/lib/python3.10/site-packages/warehouse_robot
copying /home/rony/Documents/inmind/Session06/Rony-ROS2-Warehouse/src/build/warehouse_robot/build/lib/warehouse_robot/__init__.py -> /home/rony/Documents/inmind/Session06/Rony-ROS2-Warehouse/src/install/warehouse_robot/lib/python3.10/site-packages/warehouse_robot
copying /home/rony/Documents/inmind/Session06/Rony-ROS2-Warehouse/src/build/warehouse_robot/build/lib/warehouse_robot/item_delivery_action_client.py -> /home/rony/Documents/inmind/Session06/Rony-ROS2-Warehouse/src/install/warehouse_robot/lib/python3.10/site-packages/warehouse_robot
copying /home/rony/Documents/inmind/Session06/Rony-ROS2-Warehouse/src/build/warehouse_robot/build/lib/warehouse_robot/item_delivery_action_server.py -> /home/rony/Documents/inmind/Session06/Rony-ROS2-Warehouse/src/install/warehouse_robot/lib/python3.10/site-packages/warehouse_robot
copying /home/rony/Documents/inmind/Session06/Rony-ROS2-Warehouse/src/build/warehouse_robot/build/lib/warehouse_robot/stock_checker_service_server.py -> /home/rony/Documents/inmind/Session06/Rony-ROS2-Warehouse/src/install/warehouse_robot/lib/python3.10/site-packages/warehouse_robot
copying /home/rony/Documents/inmind/Session06/Rony-ROS2-Warehouse/src/build/warehouse_robot/build/lib/warehouse_robot/stock_checker_service_client.py -> /home/rony/Documents/inmind/Session06/Rony-ROS2-Warehouse/src/install/warehouse_robot/lib/python3.10/site-packages/warehouse_robot
byte-compiling /home/rony/Documents/inmind/Session06/Rony-ROS2-Warehouse/src/install/warehouse_robot/lib/python3.10/site-packages/warehouse_robot/__init__.py to __init__.cpython-310.pyc
byte-compiling /home/rony/Documents/inmind/Session06/Rony-ROS2-Warehouse/src/install/warehouse_robot/lib/python3.10/site-packages/warehouse_robot/item_delivery_action_client.py to item_delivery_action_client.cpython-310.pyc
byte-compiling /home/rony/Documents/inmind/Session06/Rony-ROS2-Warehouse/src/install/warehouse_robot/lib/python3.10/site-packages/warehouse_robot/item_delivery_action_server.py to item_delivery_action_server.cpython-310.pyc
byte-compiling /home/rony/Documents/inmind/Session06/Rony-ROS2-Warehouse/src/install/warehouse_robot/lib/python3.10/site-packages/warehouse_robot/stock_checker_service_server.py to stock_checker_service_server.cpython-310.pyc
byte-compiling /home/rony/Documents/inmind/Session06/Rony-ROS2-Warehouse/src/install/warehouse_robot/lib/python3.10/site-packages/warehouse_robot/stock_checker_service_client.py to stock_checker_service_client.cpython-310.pyc
running install_data
creating /home/rony/Documents/inmind/Session06/Rony-ROS2-Warehouse/src/install/warehouse_robot/share/ament_index
creating /home/rony/Documents/inmind/Session06/Rony-ROS2-Warehouse/src/install/warehouse_robot/share/ament_index/resource_index
creating /home/rony/Documents/inmind/Session06/Rony-ROS2-Warehouse/src/install/warehouse_robot/share/ament_index/resource_index/packages
copying resource/warehouse_robot -> /home/rony/Documents/inmind/Session06/Rony-ROS2-Warehouse/src/install/warehouse_robot/share/ament_index/resource_index/packages
copying package.xml -> /home/rony/Documents/inmind/Session06/Rony-ROS2-Warehouse/src/install/warehouse_robot/share/warehouse_robot
creating /home/rony/Documents/inmind/Session06/Rony-ROS2-Warehouse/src/install/warehouse_robot/share/warehouse_robot/launch
